[debug] [2021-04-20T07:40:00.484Z] ----------------------------------------------------------------------
[debug] [2021-04-20T07:40:00.486Z] Command:       C:\Program Files\nodejs\node.exe C:\Users\stopa\AppData\Roaming\npm\node_modules\firebase-tools\lib\bin\firebase.js emulators:start
[debug] [2021-04-20T07:40:00.486Z] CLI Version:   9.8.0
[debug] [2021-04-20T07:40:00.486Z] Platform:      win32
[debug] [2021-04-20T07:40:00.487Z] Node Version:  v14.15.3
[debug] [2021-04-20T07:40:00.487Z] Time:          Tue Apr 20 2021 10:40:00 GMT+0300 (Източноевропейско лятно часово време)
[debug] [2021-04-20T07:40:00.488Z] ----------------------------------------------------------------------
[debug] 
[debug] [2021-04-20T07:40:00.495Z] > command requires scopes: ["email","openid","https://www.googleapis.com/auth/cloudplatformprojects.readonly","https://www.googleapis.com/auth/firebase","https://www.googleapis.com/auth/cloud-platform"]
[debug] [2021-04-20T07:40:00.495Z] > authorizing via signed-in user
[info] i  emulators: Starting emulators: functions {"metadata":{"emulator":{"name":"hub"},"message":"Starting emulators: functions"}}
[warn] !  emulators: It seems that you are running multiple instances of the emulator suite for project tech-co. This may result in unexpected behavior. 
[debug] [2021-04-20T07:40:00.532Z] [hub] writing locator at C:\Users\stopa\AppData\Local\Temp\hub-tech-co.json
[warn] !  functions: The following emulators are not running, calls to these services from the Functions emulator will affect production: auth, firestore, database, hosting, pubsub {"metadata":{"emulator":{"name":"functions"},"message":"The following emulators are not running, calls to these services from the Functions emulator will affect production: \u001b[1mauth, firestore, database, hosting, pubsub\u001b[22m"}}
[warn] !  Your requested "node" version "12" doesn't match your global version "14" {"metadata":{"emulator":{"name":"functions"},"message":"Your requested \"node\" version \"12\" doesn't match your global version \"14\""}}
[debug] [2021-04-20T07:40:00.563Z] defaultcredentials: writing to file C:\Users\stopa\AppData\Roaming\firebase\stopalovv_gmail_com_application_default_credentials.json
[debug] [2021-04-20T07:40:00.567Z] Setting GAC to C:\Users\stopa\AppData\Roaming\firebase\stopalovv_gmail_com_application_default_credentials.json {"metadata":{"emulator":{"name":"functions"},"message":"Setting GAC to C:\\Users\\stopa\\AppData\\Roaming\\firebase\\stopalovv_gmail_com_application_default_credentials.json"}}
[debug] [2021-04-20T07:40:00.569Z] >>> [apiv2][query] GET https://firebase.googleapis.com/v1beta1/projects/tech-co/adminSdkConfig [none]
[debug] [2021-04-20T07:40:00.976Z] <<< [apiv2][status] GET https://firebase.googleapis.com/v1beta1/projects/tech-co/adminSdkConfig 200
[debug] [2021-04-20T07:40:00.976Z] <<< [apiv2][body] GET https://firebase.googleapis.com/v1beta1/projects/tech-co/adminSdkConfig {"projectId":"tech-co","storageBucket":"tech-co.appspot.com"}
[warn] !  ui: Emulator UI unable to start on port 4000, starting on 4003 instead. {"metadata":{"emulator":{"name":"ui"},"message":"Emulator UI unable to start on port 4000, starting on 4003 instead."}}
[debug] [2021-04-20T07:40:01.015Z] Ignoring unsupported arg: auto_download {"metadata":{"emulator":{"name":"ui"},"message":"Ignoring unsupported arg: auto_download"}}
[debug] [2021-04-20T07:40:01.015Z] Ignoring unsupported arg: port {"metadata":{"emulator":{"name":"ui"},"message":"Ignoring unsupported arg: port"}}
[debug] [2021-04-20T07:40:01.015Z] Starting Emulator UI with command {"binary":"node","args":["C:\\Users\\stopa\\.cache\\firebase\\emulators\\ui-v1.4.2\\server.bundle.js"],"optionalArgs":[],"joinArgs":false} {"metadata":{"emulator":{"name":"ui"},"message":"Starting Emulator UI with command {\"binary\":\"node\",\"args\":[\"C:\\\\Users\\\\stopa\\\\.cache\\\\firebase\\\\emulators\\\\ui-v1.4.2\\\\server.bundle.js\"],\"optionalArgs\":[],\"joinArgs\":false}"}}
[info] i  ui: Emulator UI logging to ui-debug.log {"metadata":{"emulator":{"name":"ui"},"message":"Emulator UI logging to \u001b[1mui-debug.log\u001b[22m"}}
[debug] [2021-04-20T07:40:01.138Z] Web / API server started at http://localhost:4003
 {"metadata":{"emulator":{"name":"ui"},"message":"Web / API server started at http://localhost:4003\n"}}
[info] i  functions: Watching "C:\Users\stopa\tech-co\functions" for Cloud Functions... {"metadata":{"emulator":{"name":"functions"},"message":"Watching \"C:\\Users\\stopa\\tech-co\\functions\" for Cloud Functions..."}}
[debug] [2021-04-20T07:40:01.300Z] [worker-pool] addWorker(~diagnostic~) {"metadata":{"emulator":{"name":"functions"},"message":"[worker-pool] addWorker(~diagnostic~)"}}
[debug] [2021-04-20T07:40:01.300Z] [worker-pool] Adding worker with key ~diagnostic~, total=1 {"metadata":{"emulator":{"name":"functions"},"message":"[worker-pool] Adding worker with key ~diagnostic~, total=1"}}
[debug] [2021-04-20T07:40:01.301Z] [worker-pool] submitWork(triggerId=) {"metadata":{"emulator":{"name":"functions"},"message":"[worker-pool] submitWork(triggerId=)"}}
[debug] [2021-04-20T07:40:01.301Z] [worker-~diagnostic~-29f86ae2-03f4-402c-a120-c187e6b56e20]: Assigning socketPath: \\?\pipe\C:\Users\stopa\tech-co\functions\18176 {"metadata":{"emulator":{"name":"functions"},"message":"[worker-~diagnostic~-29f86ae2-03f4-402c-a120-c187e6b56e20]: Assigning socketPath: \\\\?\\pipe\\C:\\Users\\stopa\\tech-co\\functions\\18176"}}
[debug] [2021-04-20T07:40:01.301Z] [worker-~diagnostic~-29f86ae2-03f4-402c-a120-c187e6b56e20]: BUSY {"metadata":{"emulator":{"name":"functions"},"message":"[worker-~diagnostic~-29f86ae2-03f4-402c-a120-c187e6b56e20]: BUSY"}}
[debug] [2021-04-20T07:40:01.519Z] [runtime-status] [18176] Functions runtime initialized. {"cwd":"C:\\Users\\stopa\\tech-co\\functions","node_version":"14.15.3"} {"metadata":{"emulator":{"name":"functions"},"message":"[runtime-status] [18176] Functions runtime initialized. {\"cwd\":\"C:\\\\Users\\\\stopa\\\\tech-co\\\\functions\",\"node_version\":\"14.15.3\"}"}}
[debug] [2021-04-20T07:40:01.520Z] [runtime-status] [18176] Disabled runtime features: undefined {"metadata":{"emulator":{"name":"functions"},"message":"[runtime-status] [18176] Disabled runtime features: undefined"}}
[debug] [2021-04-20T07:40:01.522Z] [runtime-status] [18176] Resolved module firebase-admin {"declared":true,"installed":true,"version":"9.6.0","resolution":"C:\\Users\\stopa\\tech-co\\functions\\node_modules\\firebase-admin\\lib\\index.js"} {"metadata":{"emulator":{"name":"functions"},"message":"[runtime-status] [18176] Resolved module firebase-admin {\"declared\":true,\"installed\":true,\"version\":\"9.6.0\",\"resolution\":\"C:\\\\Users\\\\stopa\\\\tech-co\\\\functions\\\\node_modules\\\\firebase-admin\\\\lib\\\\index.js\"}"}}
[debug] [2021-04-20T07:40:01.524Z] [runtime-status] [18176] Resolved module firebase-functions {"declared":true,"installed":true,"version":"3.13.2","resolution":"C:\\Users\\stopa\\tech-co\\functions\\node_modules\\firebase-functions\\lib\\index.js"} {"metadata":{"emulator":{"name":"functions"},"message":"[runtime-status] [18176] Resolved module firebase-functions {\"declared\":true,\"installed\":true,\"version\":\"3.13.2\",\"resolution\":\"C:\\\\Users\\\\stopa\\\\tech-co\\\\functions\\\\node_modules\\\\firebase-functions\\\\lib\\\\index.js\"}"}}
[debug] [2021-04-20T07:40:01.525Z] [runtime-status] [18176] Resolved module firebase-functions {"declared":true,"installed":true,"version":"3.13.2","resolution":"C:\\Users\\stopa\\tech-co\\functions\\node_modules\\firebase-functions\\lib\\index.js"} {"metadata":{"emulator":{"name":"functions"},"message":"[runtime-status] [18176] Resolved module firebase-functions {\"declared\":true,\"installed\":true,\"version\":\"3.13.2\",\"resolution\":\"C:\\\\Users\\\\stopa\\\\tech-co\\\\functions\\\\node_modules\\\\firebase-functions\\\\lib\\\\index.js\"}"}}
[debug] [2021-04-20T07:40:01.527Z] [runtime-status] [18176] Outgoing network have been stubbed. [{"name":"http","status":"mocked"},{"name":"http","status":"mocked"},{"name":"https","status":"mocked"},{"name":"https","status":"mocked"},{"name":"net","status":"mocked"}] {"metadata":{"emulator":{"name":"functions"},"message":"[runtime-status] [18176] Outgoing network have been stubbed. [{\"name\":\"http\",\"status\":\"mocked\"},{\"name\":\"http\",\"status\":\"mocked\"},{\"name\":\"https\",\"status\":\"mocked\"},{\"name\":\"https\",\"status\":\"mocked\"},{\"name\":\"net\",\"status\":\"mocked\"}]"}}
[debug] [2021-04-20T07:40:01.528Z] [runtime-status] [18176] Resolved module firebase-functions {"declared":true,"installed":true,"version":"3.13.2","resolution":"C:\\Users\\stopa\\tech-co\\functions\\node_modules\\firebase-functions\\lib\\index.js"} {"metadata":{"emulator":{"name":"functions"},"message":"[runtime-status] [18176] Resolved module firebase-functions {\"declared\":true,\"installed\":true,\"version\":\"3.13.2\",\"resolution\":\"C:\\\\Users\\\\stopa\\\\tech-co\\\\functions\\\\node_modules\\\\firebase-functions\\\\lib\\\\index.js\"}"}}
[debug] [2021-04-20T07:40:01.573Z] [runtime-status] [18176] Checked functions.config() {"config":{}} {"metadata":{"emulator":{"name":"functions"},"message":"[runtime-status] [18176] Checked functions.config() {\"config\":{}}"}}
[debug] [2021-04-20T07:40:01.573Z] [runtime-status] [18176] firebase-functions has been stubbed. {"functionsResolution":{"declared":true,"installed":true,"version":"3.13.2","resolution":"C:\\Users\\stopa\\tech-co\\functions\\node_modules\\firebase-functions\\lib\\index.js"}} {"metadata":{"emulator":{"name":"functions"},"message":"[runtime-status] [18176] firebase-functions has been stubbed. {\"functionsResolution\":{\"declared\":true,\"installed\":true,\"version\":\"3.13.2\",\"resolution\":\"C:\\\\Users\\\\stopa\\\\tech-co\\\\functions\\\\node_modules\\\\firebase-functions\\\\lib\\\\index.js\"}}"}}
[debug] [2021-04-20T07:40:01.574Z] [runtime-status] [18176] Resolved module firebase-functions {"declared":true,"installed":true,"version":"3.13.2","resolution":"C:\\Users\\stopa\\tech-co\\functions\\node_modules\\firebase-functions\\lib\\index.js"} {"metadata":{"emulator":{"name":"functions"},"message":"[runtime-status] [18176] Resolved module firebase-functions {\"declared\":true,\"installed\":true,\"version\":\"3.13.2\",\"resolution\":\"C:\\\\Users\\\\stopa\\\\tech-co\\\\functions\\\\node_modules\\\\firebase-functions\\\\lib\\\\index.js\"}"}}
[debug] [2021-04-20T07:40:01.575Z] [runtime-status] [18176] Resolved module firebase-admin {"declared":true,"installed":true,"version":"9.6.0","resolution":"C:\\Users\\stopa\\tech-co\\functions\\node_modules\\firebase-admin\\lib\\index.js"} {"metadata":{"emulator":{"name":"functions"},"message":"[runtime-status] [18176] Resolved module firebase-admin {\"declared\":true,\"installed\":true,\"version\":\"9.6.0\",\"resolution\":\"C:\\\\Users\\\\stopa\\\\tech-co\\\\functions\\\\node_modules\\\\firebase-admin\\\\lib\\\\index.js\"}"}}
[debug] [2021-04-20T07:40:01.575Z] [runtime-status] [18176] Resolved module firebase-functions {"declared":true,"installed":true,"version":"3.13.2","resolution":"C:\\Users\\stopa\\tech-co\\functions\\node_modules\\firebase-functions\\lib\\index.js"} {"metadata":{"emulator":{"name":"functions"},"message":"[runtime-status] [18176] Resolved module firebase-functions {\"declared\":true,\"installed\":true,\"version\":\"3.13.2\",\"resolution\":\"C:\\\\Users\\\\stopa\\\\tech-co\\\\functions\\\\node_modules\\\\firebase-functions\\\\lib\\\\index.js\"}"}}
[debug] [2021-04-20T07:40:01.575Z] [runtime-status] [18176] firebase-admin has been stubbed. {"adminResolution":{"declared":true,"installed":true,"version":"9.6.0","resolution":"C:\\Users\\stopa\\tech-co\\functions\\node_modules\\firebase-admin\\lib\\index.js"}} {"metadata":{"emulator":{"name":"functions"},"message":"[runtime-status] [18176] firebase-admin has been stubbed. {\"adminResolution\":{\"declared\":true,\"installed\":true,\"version\":\"9.6.0\",\"resolution\":\"C:\\\\Users\\\\stopa\\\\tech-co\\\\functions\\\\node_modules\\\\firebase-admin\\\\lib\\\\index.js\"}}"}}
[info] +  functions[api]: http function initialized (http://localhost:5001/tech-co/us-central1/api). {"metadata":{"emulator":{"name":"functions"},"message":"\u001b[1mhttp\u001b[22m function initialized (http://localhost:5001/tech-co/us-central1/api)."}}
[info] 
┌─────────────────────────────────────────────────────────────┐
│ ✔  All emulators ready! It is now safe to connect your app. │
│ i  View Emulator UI at http://localhost:4003                │
└─────────────────────────────────────────────────────────────┘

┌───────────┬────────────────┬─────────────────────────────────┐
│ Emulator  │ Host:Port      │ View in Emulator UI             │
├───────────┼────────────────┼─────────────────────────────────┤
│ Functions │ localhost:5001 │ http://localhost:4003/functions │
└───────────┴────────────────┴─────────────────────────────────┘
  Emulator Hub running at localhost:4400
  Other reserved ports: 4500

Issues? Report them at https://github.com/firebase/firebase-tools/issues and attach the *-debug.log files.
 
[debug] [2021-04-20T07:40:01.747Z] [worker-~diagnostic~-29f86ae2-03f4-402c-a120-c187e6b56e20]: IDLE {"metadata":{"emulator":{"name":"functions"},"message":"[worker-~diagnostic~-29f86ae2-03f4-402c-a120-c187e6b56e20]: IDLE"}}
[debug] [2021-04-20T07:44:26.877Z] File C:\Users\stopa\tech-co\functions\index.js changed, reloading triggers {"metadata":{"emulator":{"name":"functions"},"message":"File C:\\Users\\stopa\\tech-co\\functions\\index.js changed, reloading triggers"}}
[debug] [2021-04-20T07:44:27.892Z] [worker-pool] Shutting down IDLE worker (~diagnostic~) {"metadata":{"emulator":{"name":"functions"},"message":"[worker-pool] Shutting down IDLE worker (~diagnostic~)"}}
[debug] [2021-04-20T07:44:27.893Z] [worker-~diagnostic~-29f86ae2-03f4-402c-a120-c187e6b56e20]: FINISHING {"metadata":{"emulator":{"name":"functions"},"message":"[worker-~diagnostic~-29f86ae2-03f4-402c-a120-c187e6b56e20]: FINISHING"}}
[debug] [2021-04-20T07:44:27.904Z] [worker-pool] addWorker(~diagnostic~) {"metadata":{"emulator":{"name":"functions"},"message":"[worker-pool] addWorker(~diagnostic~)"}}
[debug] [2021-04-20T07:44:27.904Z] [worker-pool] Adding worker with key ~diagnostic~, total=2 {"metadata":{"emulator":{"name":"functions"},"message":"[worker-pool] Adding worker with key ~diagnostic~, total=2"}}
[debug] [2021-04-20T07:44:27.905Z] [worker-pool] submitWork(triggerId=) {"metadata":{"emulator":{"name":"functions"},"message":"[worker-pool] submitWork(triggerId=)"}}
[debug] [2021-04-20T07:44:27.905Z] [worker-~diagnostic~-53ed55d4-4e78-46e6-82e1-e4ec4d20c681]: Assigning socketPath: \\?\pipe\C:\Users\stopa\tech-co\functions\16764 {"metadata":{"emulator":{"name":"functions"},"message":"[worker-~diagnostic~-53ed55d4-4e78-46e6-82e1-e4ec4d20c681]: Assigning socketPath: \\\\?\\pipe\\C:\\Users\\stopa\\tech-co\\functions\\16764"}}
[debug] [2021-04-20T07:44:27.905Z] [worker-~diagnostic~-53ed55d4-4e78-46e6-82e1-e4ec4d20c681]: BUSY {"metadata":{"emulator":{"name":"functions"},"message":"[worker-~diagnostic~-53ed55d4-4e78-46e6-82e1-e4ec4d20c681]: BUSY"}}
[debug] [2021-04-20T07:44:27.907Z] [worker-~diagnostic~-29f86ae2-03f4-402c-a120-c187e6b56e20]: exited {"metadata":{"emulator":{"name":"functions"},"message":"[worker-~diagnostic~-29f86ae2-03f4-402c-a120-c187e6b56e20]: exited"}}
[debug] [2021-04-20T07:44:27.907Z] [worker-~diagnostic~-29f86ae2-03f4-402c-a120-c187e6b56e20]: FINISHED {"metadata":{"emulator":{"name":"functions"},"message":"[worker-~diagnostic~-29f86ae2-03f4-402c-a120-c187e6b56e20]: FINISHED"}}
[debug] [2021-04-20T07:44:28.147Z] [runtime-status] [16764] Functions runtime initialized. {"cwd":"C:\\Users\\stopa\\tech-co\\functions","node_version":"14.15.3"} {"metadata":{"emulator":{"name":"functions"},"message":"[runtime-status] [16764] Functions runtime initialized. {\"cwd\":\"C:\\\\Users\\\\stopa\\\\tech-co\\\\functions\",\"node_version\":\"14.15.3\"}"}}
[debug] [2021-04-20T07:44:28.148Z] [runtime-status] [16764] Disabled runtime features: undefined {"metadata":{"emulator":{"name":"functions"},"message":"[runtime-status] [16764] Disabled runtime features: undefined"}}
[debug] [2021-04-20T07:44:28.151Z] [runtime-status] [16764] Resolved module firebase-admin {"declared":true,"installed":true,"version":"9.6.0","resolution":"C:\\Users\\stopa\\tech-co\\functions\\node_modules\\firebase-admin\\lib\\index.js"} {"metadata":{"emulator":{"name":"functions"},"message":"[runtime-status] [16764] Resolved module firebase-admin {\"declared\":true,\"installed\":true,\"version\":\"9.6.0\",\"resolution\":\"C:\\\\Users\\\\stopa\\\\tech-co\\\\functions\\\\node_modules\\\\firebase-admin\\\\lib\\\\index.js\"}"}}
[debug] [2021-04-20T07:44:28.153Z] [runtime-status] [16764] Resolved module firebase-functions {"declared":true,"installed":true,"version":"3.13.2","resolution":"C:\\Users\\stopa\\tech-co\\functions\\node_modules\\firebase-functions\\lib\\index.js"} {"metadata":{"emulator":{"name":"functions"},"message":"[runtime-status] [16764] Resolved module firebase-functions {\"declared\":true,\"installed\":true,\"version\":\"3.13.2\",\"resolution\":\"C:\\\\Users\\\\stopa\\\\tech-co\\\\functions\\\\node_modules\\\\firebase-functions\\\\lib\\\\index.js\"}"}}
[debug] [2021-04-20T07:44:28.156Z] [runtime-status] [16764] Resolved module firebase-functions {"declared":true,"installed":true,"version":"3.13.2","resolution":"C:\\Users\\stopa\\tech-co\\functions\\node_modules\\firebase-functions\\lib\\index.js"} {"metadata":{"emulator":{"name":"functions"},"message":"[runtime-status] [16764] Resolved module firebase-functions {\"declared\":true,\"installed\":true,\"version\":\"3.13.2\",\"resolution\":\"C:\\\\Users\\\\stopa\\\\tech-co\\\\functions\\\\node_modules\\\\firebase-functions\\\\lib\\\\index.js\"}"}}
[debug] [2021-04-20T07:44:28.159Z] [runtime-status] [16764] Outgoing network have been stubbed. [{"name":"http","status":"mocked"},{"name":"http","status":"mocked"},{"name":"https","status":"mocked"},{"name":"https","status":"mocked"},{"name":"net","status":"mocked"}] {"metadata":{"emulator":{"name":"functions"},"message":"[runtime-status] [16764] Outgoing network have been stubbed. [{\"name\":\"http\",\"status\":\"mocked\"},{\"name\":\"http\",\"status\":\"mocked\"},{\"name\":\"https\",\"status\":\"mocked\"},{\"name\":\"https\",\"status\":\"mocked\"},{\"name\":\"net\",\"status\":\"mocked\"}]"}}
[debug] [2021-04-20T07:44:28.159Z] [runtime-status] [16764] Resolved module firebase-functions {"declared":true,"installed":true,"version":"3.13.2","resolution":"C:\\Users\\stopa\\tech-co\\functions\\node_modules\\firebase-functions\\lib\\index.js"} {"metadata":{"emulator":{"name":"functions"},"message":"[runtime-status] [16764] Resolved module firebase-functions {\"declared\":true,\"installed\":true,\"version\":\"3.13.2\",\"resolution\":\"C:\\\\Users\\\\stopa\\\\tech-co\\\\functions\\\\node_modules\\\\firebase-functions\\\\lib\\\\index.js\"}"}}
[debug] [2021-04-20T07:44:28.228Z] [runtime-status] [16764] Checked functions.config() {"config":{}} {"metadata":{"emulator":{"name":"functions"},"message":"[runtime-status] [16764] Checked functions.config() {\"config\":{}}"}}
[debug] [2021-04-20T07:44:28.228Z] [runtime-status] [16764] firebase-functions has been stubbed. {"functionsResolution":{"declared":true,"installed":true,"version":"3.13.2","resolution":"C:\\Users\\stopa\\tech-co\\functions\\node_modules\\firebase-functions\\lib\\index.js"}} {"metadata":{"emulator":{"name":"functions"},"message":"[runtime-status] [16764] firebase-functions has been stubbed. {\"functionsResolution\":{\"declared\":true,\"installed\":true,\"version\":\"3.13.2\",\"resolution\":\"C:\\\\Users\\\\stopa\\\\tech-co\\\\functions\\\\node_modules\\\\firebase-functions\\\\lib\\\\index.js\"}}"}}
[debug] [2021-04-20T07:44:28.229Z] [runtime-status] [16764] Resolved module firebase-functions {"declared":true,"installed":true,"version":"3.13.2","resolution":"C:\\Users\\stopa\\tech-co\\functions\\node_modules\\firebase-functions\\lib\\index.js"} {"metadata":{"emulator":{"name":"functions"},"message":"[runtime-status] [16764] Resolved module firebase-functions {\"declared\":true,\"installed\":true,\"version\":\"3.13.2\",\"resolution\":\"C:\\\\Users\\\\stopa\\\\tech-co\\\\functions\\\\node_modules\\\\firebase-functions\\\\lib\\\\index.js\"}"}}
[debug] [2021-04-20T07:44:28.230Z] [runtime-status] [16764] Resolved module firebase-admin {"declared":true,"installed":true,"version":"9.6.0","resolution":"C:\\Users\\stopa\\tech-co\\functions\\node_modules\\firebase-admin\\lib\\index.js"} {"metadata":{"emulator":{"name":"functions"},"message":"[runtime-status] [16764] Resolved module firebase-admin {\"declared\":true,\"installed\":true,\"version\":\"9.6.0\",\"resolution\":\"C:\\\\Users\\\\stopa\\\\tech-co\\\\functions\\\\node_modules\\\\firebase-admin\\\\lib\\\\index.js\"}"}}
[debug] [2021-04-20T07:44:28.231Z] [runtime-status] [16764] Resolved module firebase-functions {"declared":true,"installed":true,"version":"3.13.2","resolution":"C:\\Users\\stopa\\tech-co\\functions\\node_modules\\firebase-functions\\lib\\index.js"} {"metadata":{"emulator":{"name":"functions"},"message":"[runtime-status] [16764] Resolved module firebase-functions {\"declared\":true,\"installed\":true,\"version\":\"3.13.2\",\"resolution\":\"C:\\\\Users\\\\stopa\\\\tech-co\\\\functions\\\\node_modules\\\\firebase-functions\\\\lib\\\\index.js\"}"}}
[debug] [2021-04-20T07:44:28.231Z] [runtime-status] [16764] firebase-admin has been stubbed. {"adminResolution":{"declared":true,"installed":true,"version":"9.6.0","resolution":"C:\\Users\\stopa\\tech-co\\functions\\node_modules\\firebase-admin\\lib\\index.js"}} {"metadata":{"emulator":{"name":"functions"},"message":"[runtime-status] [16764] firebase-admin has been stubbed. {\"adminResolution\":{\"declared\":true,\"installed\":true,\"version\":\"9.6.0\",\"resolution\":\"C:\\\\Users\\\\stopa\\\\tech-co\\\\functions\\\\node_modules\\\\firebase-admin\\\\lib\\\\index.js\"}}"}}
[warn] !  C:\Users\stopa\tech-co\functions\index.js:21
  const total = request.query.total;
        ^^^^^

SyntaxError: Unexpected identifier
    at wrapSafe (internal/modules/cjs/loader.js:979:16)
    at Module._compile (internal/modules/cjs/loader.js:1027:27)
    at Object.Module._extensions..js (internal/modules/cjs/loader.js:1092:10)
    at Module.load (internal/modules/cjs/loader.js:928:32)
    at Function.Module._load (internal/modules/cjs/loader.js:769:14)
    at Module.require (internal/modules/cjs/loader.js:952:19)
    at require (internal/modules/cjs/helpers.js:88:18)
    at initializeRuntime (C:\Users\stopa\AppData\Roaming\npm\node_modules\firebase-tools\lib\emulator\functionsEmulatorRuntime.js:680:29)
    at processTicksAndRejections (internal/process/task_queues.js:93:5)
    at async handleMessage (C:\Users\stopa\AppData\Roaming\npm\node_modules\firebase-tools\lib\emulator\functionsEmulatorRuntime.js:718:19) {"metadata":{"emulator":{"name":"functions"},"message":"C:\\Users\\stopa\\tech-co\\functions\\index.js:21\n  const total = request.query.total;\n        ^^^^^\n\nSyntaxError: Unexpected identifier\n    at wrapSafe (internal/modules/cjs/loader.js:979:16)\n    at Module._compile (internal/modules/cjs/loader.js:1027:27)\n    at Object.Module._extensions..js (internal/modules/cjs/loader.js:1092:10)\n    at Module.load (internal/modules/cjs/loader.js:928:32)\n    at Function.Module._load (internal/modules/cjs/loader.js:769:14)\n    at Module.require (internal/modules/cjs/loader.js:952:19)\n    at require (internal/modules/cjs/helpers.js:88:18)\n    at initializeRuntime (C:\\Users\\stopa\\AppData\\Roaming\\npm\\node_modules\\firebase-tools\\lib\\emulator\\functionsEmulatorRuntime.js:680:29)\n    at processTicksAndRejections (internal/process/task_queues.js:93:5)\n    at async handleMessage (C:\\Users\\stopa\\AppData\\Roaming\\npm\\node_modules\\firebase-tools\\lib\\emulator\\functionsEmulatorRuntime.js:718:19)"}}
[warn] !  We were unable to load your functions code. (see above) {"metadata":{"emulator":{"name":"functions"}}}
[debug] [2021-04-20T07:44:28.264Z] [worker-~diagnostic~-53ed55d4-4e78-46e6-82e1-e4ec4d20c681]: exited {"metadata":{"emulator":{"name":"functions"},"message":"[worker-~diagnostic~-53ed55d4-4e78-46e6-82e1-e4ec4d20c681]: exited"}}
[debug] [2021-04-20T07:44:28.265Z] [worker-~diagnostic~-53ed55d4-4e78-46e6-82e1-e4ec4d20c681]: FINISHED {"metadata":{"emulator":{"name":"functions"},"message":"[worker-~diagnostic~-53ed55d4-4e78-46e6-82e1-e4ec4d20c681]: FINISHED"}}
[debug] [2021-04-20T07:44:32.921Z] File C:\Users\stopa\tech-co\functions\index.js changed, reloading triggers {"metadata":{"emulator":{"name":"functions"},"message":"File C:\\Users\\stopa\\tech-co\\functions\\index.js changed, reloading triggers"}}
[debug] [2021-04-20T07:44:33.924Z] [worker-pool] Cleaned up workers for ~diagnostic~: 2 --> 0 {"metadata":{"emulator":{"name":"functions"},"message":"[worker-pool] Cleaned up workers for ~diagnostic~: 2 --> 0"}}
[debug] [2021-04-20T07:44:33.931Z] [worker-pool] addWorker(~diagnostic~) {"metadata":{"emulator":{"name":"functions"},"message":"[worker-pool] addWorker(~diagnostic~)"}}
[debug] [2021-04-20T07:44:33.931Z] [worker-pool] Adding worker with key ~diagnostic~, total=1 {"metadata":{"emulator":{"name":"functions"},"message":"[worker-pool] Adding worker with key ~diagnostic~, total=1"}}
[debug] [2021-04-20T07:44:33.931Z] [worker-pool] submitWork(triggerId=) {"metadata":{"emulator":{"name":"functions"},"message":"[worker-pool] submitWork(triggerId=)"}}
[debug] [2021-04-20T07:44:33.931Z] [worker-~diagnostic~-7fa8f01c-a420-46a6-9256-82f4bb9045a8]: Assigning socketPath: \\?\pipe\C:\Users\stopa\tech-co\functions\8720 {"metadata":{"emulator":{"name":"functions"},"message":"[worker-~diagnostic~-7fa8f01c-a420-46a6-9256-82f4bb9045a8]: Assigning socketPath: \\\\?\\pipe\\C:\\Users\\stopa\\tech-co\\functions\\8720"}}
[debug] [2021-04-20T07:44:33.932Z] [worker-~diagnostic~-7fa8f01c-a420-46a6-9256-82f4bb9045a8]: BUSY {"metadata":{"emulator":{"name":"functions"},"message":"[worker-~diagnostic~-7fa8f01c-a420-46a6-9256-82f4bb9045a8]: BUSY"}}
[debug] [2021-04-20T07:44:34.182Z] [runtime-status] [8720] Functions runtime initialized. {"cwd":"C:\\Users\\stopa\\tech-co\\functions","node_version":"14.15.3"} {"metadata":{"emulator":{"name":"functions"},"message":"[runtime-status] [8720] Functions runtime initialized. {\"cwd\":\"C:\\\\Users\\\\stopa\\\\tech-co\\\\functions\",\"node_version\":\"14.15.3\"}"}}
[debug] [2021-04-20T07:44:34.184Z] [runtime-status] [8720] Disabled runtime features: undefined {"metadata":{"emulator":{"name":"functions"},"message":"[runtime-status] [8720] Disabled runtime features: undefined"}}
[debug] [2021-04-20T07:44:34.188Z] [runtime-status] [8720] Resolved module firebase-admin {"declared":true,"installed":true,"version":"9.6.0","resolution":"C:\\Users\\stopa\\tech-co\\functions\\node_modules\\firebase-admin\\lib\\index.js"} {"metadata":{"emulator":{"name":"functions"},"message":"[runtime-status] [8720] Resolved module firebase-admin {\"declared\":true,\"installed\":true,\"version\":\"9.6.0\",\"resolution\":\"C:\\\\Users\\\\stopa\\\\tech-co\\\\functions\\\\node_modules\\\\firebase-admin\\\\lib\\\\index.js\"}"}}
[debug] [2021-04-20T07:44:34.190Z] [runtime-status] [8720] Resolved module firebase-functions {"declared":true,"installed":true,"version":"3.13.2","resolution":"C:\\Users\\stopa\\tech-co\\functions\\node_modules\\firebase-functions\\lib\\index.js"} {"metadata":{"emulator":{"name":"functions"},"message":"[runtime-status] [8720] Resolved module firebase-functions {\"declared\":true,\"installed\":true,\"version\":\"3.13.2\",\"resolution\":\"C:\\\\Users\\\\stopa\\\\tech-co\\\\functions\\\\node_modules\\\\firebase-functions\\\\lib\\\\index.js\"}"}}
[debug] [2021-04-20T07:44:34.192Z] [runtime-status] [8720] Resolved module firebase-functions {"declared":true,"installed":true,"version":"3.13.2","resolution":"C:\\Users\\stopa\\tech-co\\functions\\node_modules\\firebase-functions\\lib\\index.js"} {"metadata":{"emulator":{"name":"functions"},"message":"[runtime-status] [8720] Resolved module firebase-functions {\"declared\":true,\"installed\":true,\"version\":\"3.13.2\",\"resolution\":\"C:\\\\Users\\\\stopa\\\\tech-co\\\\functions\\\\node_modules\\\\firebase-functions\\\\lib\\\\index.js\"}"}}
[debug] [2021-04-20T07:44:34.194Z] [runtime-status] [8720] Outgoing network have been stubbed. [{"name":"http","status":"mocked"},{"name":"http","status":"mocked"},{"name":"https","status":"mocked"},{"name":"https","status":"mocked"},{"name":"net","status":"mocked"}] {"metadata":{"emulator":{"name":"functions"},"message":"[runtime-status] [8720] Outgoing network have been stubbed. [{\"name\":\"http\",\"status\":\"mocked\"},{\"name\":\"http\",\"status\":\"mocked\"},{\"name\":\"https\",\"status\":\"mocked\"},{\"name\":\"https\",\"status\":\"mocked\"},{\"name\":\"net\",\"status\":\"mocked\"}]"}}
[debug] [2021-04-20T07:44:34.195Z] [runtime-status] [8720] Resolved module firebase-functions {"declared":true,"installed":true,"version":"3.13.2","resolution":"C:\\Users\\stopa\\tech-co\\functions\\node_modules\\firebase-functions\\lib\\index.js"} {"metadata":{"emulator":{"name":"functions"},"message":"[runtime-status] [8720] Resolved module firebase-functions {\"declared\":true,\"installed\":true,\"version\":\"3.13.2\",\"resolution\":\"C:\\\\Users\\\\stopa\\\\tech-co\\\\functions\\\\node_modules\\\\firebase-functions\\\\lib\\\\index.js\"}"}}
[debug] [2021-04-20T07:44:34.256Z] [runtime-status] [8720] Checked functions.config() {"config":{}} {"metadata":{"emulator":{"name":"functions"},"message":"[runtime-status] [8720] Checked functions.config() {\"config\":{}}"}}
[debug] [2021-04-20T07:44:34.257Z] [runtime-status] [8720] firebase-functions has been stubbed. {"functionsResolution":{"declared":true,"installed":true,"version":"3.13.2","resolution":"C:\\Users\\stopa\\tech-co\\functions\\node_modules\\firebase-functions\\lib\\index.js"}} {"metadata":{"emulator":{"name":"functions"},"message":"[runtime-status] [8720] firebase-functions has been stubbed. {\"functionsResolution\":{\"declared\":true,\"installed\":true,\"version\":\"3.13.2\",\"resolution\":\"C:\\\\Users\\\\stopa\\\\tech-co\\\\functions\\\\node_modules\\\\firebase-functions\\\\lib\\\\index.js\"}}"}}
[debug] [2021-04-20T07:44:34.257Z] [runtime-status] [8720] Resolved module firebase-functions {"declared":true,"installed":true,"version":"3.13.2","resolution":"C:\\Users\\stopa\\tech-co\\functions\\node_modules\\firebase-functions\\lib\\index.js"} {"metadata":{"emulator":{"name":"functions"},"message":"[runtime-status] [8720] Resolved module firebase-functions {\"declared\":true,\"installed\":true,\"version\":\"3.13.2\",\"resolution\":\"C:\\\\Users\\\\stopa\\\\tech-co\\\\functions\\\\node_modules\\\\firebase-functions\\\\lib\\\\index.js\"}"}}
[debug] [2021-04-20T07:44:34.259Z] [runtime-status] [8720] Resolved module firebase-admin {"declared":true,"installed":true,"version":"9.6.0","resolution":"C:\\Users\\stopa\\tech-co\\functions\\node_modules\\firebase-admin\\lib\\index.js"} {"metadata":{"emulator":{"name":"functions"},"message":"[runtime-status] [8720] Resolved module firebase-admin {\"declared\":true,\"installed\":true,\"version\":\"9.6.0\",\"resolution\":\"C:\\\\Users\\\\stopa\\\\tech-co\\\\functions\\\\node_modules\\\\firebase-admin\\\\lib\\\\index.js\"}"}}
[debug] [2021-04-20T07:44:34.260Z] [runtime-status] [8720] Resolved module firebase-functions {"declared":true,"installed":true,"version":"3.13.2","resolution":"C:\\Users\\stopa\\tech-co\\functions\\node_modules\\firebase-functions\\lib\\index.js"} {"metadata":{"emulator":{"name":"functions"},"message":"[runtime-status] [8720] Resolved module firebase-functions {\"declared\":true,\"installed\":true,\"version\":\"3.13.2\",\"resolution\":\"C:\\\\Users\\\\stopa\\\\tech-co\\\\functions\\\\node_modules\\\\firebase-functions\\\\lib\\\\index.js\"}"}}
[debug] [2021-04-20T07:44:34.260Z] [runtime-status] [8720] firebase-admin has been stubbed. {"adminResolution":{"declared":true,"installed":true,"version":"9.6.0","resolution":"C:\\Users\\stopa\\tech-co\\functions\\node_modules\\firebase-admin\\lib\\index.js"}} {"metadata":{"emulator":{"name":"functions"},"message":"[runtime-status] [8720] firebase-admin has been stubbed. {\"adminResolution\":{\"declared\":true,\"installed\":true,\"version\":\"9.6.0\",\"resolution\":\"C:\\\\Users\\\\stopa\\\\tech-co\\\\functions\\\\node_modules\\\\firebase-admin\\\\lib\\\\index.js\"}}"}}
[debug] [2021-04-20T07:44:34.421Z] [worker-~diagnostic~-7fa8f01c-a420-46a6-9256-82f4bb9045a8]: IDLE {"metadata":{"emulator":{"name":"functions"},"message":"[worker-~diagnostic~-7fa8f01c-a420-46a6-9256-82f4bb9045a8]: IDLE"}}
[debug] [2021-04-20T07:45:21.260Z] Received signal SIGHUP 1
